Sat Mar 25 03:41:03 2023 [11396][-none-][FATAL] Mysqli_query failed.
Sat Mar 25 03:41:03 2023 [11396][-none-][FATAL] Error creating table: fields_meta_data: Query Failed: CREATE TABLE fields_meta_data (`id` varchar(255)  NOT NULL ,`name` varchar(255)  NULL ,`vname` varchar(255)  NULL ,`comments` varchar(255)  NULL ,`help` varchar(255)  NULL ,`custom_module` varchar(255)  NULL ,`type` varchar(255)  NULL ,`len` int(11)  NULL ,`required` bool  DEFAULT '0' NULL ,`default_value` varchar(255)  NULL ,`date_modified` datetime  NULL ,`deleted` bool  DEFAULT '0' NULL ,`audited` bool  DEFAULT '0' NULL ,`massupdate` bool  DEFAULT '0' NULL ,`duplicate_merge` smallint  DEFAULT '0' NULL ,`reportable` bool  DEFAULT '1' NULL ,`importable` varchar(255)  NULL ,`ext1` varchar(255)  NULL ,`ext2` varchar(255)  NULL ,`ext3` varchar(255)  NULL ,`ext4` text  NULL  , PRIMARY KEY (id),   KEY idx_meta_id_del (id, deleted),   KEY idx_meta_cm_del (custom_module, deleted)) CHARACTER SET utf8mb4 COLLATE utf8mb4_general_ci: MySQL error 1071: Specified key was too long; max key length is 767 bytes
Sat Mar 25 03:43:03 2023 [10331][1][SECURITY] OutboundEmail::checkSavePermissions - not logged in - skipping check
Sat Mar 25 03:43:03 2023 [10331][1][FATAL] User update error: Temp User is not retrieved at ID 1, boolean given
Sat Mar 25 03:43:03 2023 [10331][1][FATAL] Email address save error
Sat Mar 25 03:43:11 2023 [10331][1][SECURITY] Invalid ext  logger_file_ext : ''.
Sat Mar 25 03:43:11 2023 [10331][1][SECURITY] Setting logger_file_ext to '.log'.
Sat Mar 25 03:43:11 2023 [10331][1][SECURITY] Setting logger_file_name to ''.
Sat Mar 25 03:43:11 2023 [10331][1][SECURITY] Log file extension can't be blank.
Sat Mar 25 03:43:11 2023 [10331][1][SECURITY] Setting logger_file_name to ''.
Sat Mar 25 03:43:11 2023 [10331][1][SECURITY] Log file extension can't be blank.
Sat Mar 25 04:09:47 2023 [10182][1][FATAL] Mysqli_query failed.
Sat Mar 25 04:09:47 2023 [10182][1][FATAL] Executing repair query:  Query Failed: ALTER TABLE leads   add COLUMN `day_has_phone_number` date  NULL ,  add COLUMN `month_has_phone_number` varchar(255)  NULL ,  add COLUMN `year_has_phone_number` varchar(255)  NULL ,  add COLUMN `successful_trading_day` date  NULL ,  add COLUMN `successful_trading_month` varchar(255)  NULL ,  add COLUMN `data_sources` varchar(255)  NULL ,  add COLUMN `ro_name` varchar(255)  NULL ,  add COLUMN `ho_name` varchar(255)  NULL ,  add COLUMN `owned_branch` varchar(255)  NULL ,  add COLUMN `receiving_branch` varchar(255)  NULL ,  add COLUMN `facebook_or_zalo_name` varchar(255)  NULL ,  add COLUMN `facebook_url` varchar(255)  NULL ,  add COLUMN `phone_number_primary` varchar(255)  NULL ,  add COLUMN `phone_number_extra` varchar(255)  NULL ,  add COLUMN `citizen_identification` varchar(255)  NULL ,  add COLUMN `birthday` date  NULL ,  add COLUMN `contact_date` date  NULL ,  add COLUMN `MKT_day_shared_BU` datetime  NULL ,  add COLUMN `day_shared_RO` datetime  NULL ,  add COLUMN `is_record` bool  DEFAULT '0' NULL ,  add COLUMN `citizen_identification_issuance_date` date  NULL ,  add COLUMN `citizen_identification_issuance_place` varchar(255)  NULL ,  add COLUMN `address_follow_citizen_identification` varchar(255)  NULL ,  add COLUMN `district_customer_live` varchar(255)  NULL ,  add COLUMN `career` varchar(255)  NULL ,  add COLUMN `service` varchar(255)  NULL ,  add COLUMN `fee` double  NULL ,  add COLUMN `real_fee` double  NULL ,  add COLUMN `card_bark_type` varchar(255)  NULL ,  add COLUMN `bank` varchar(255)  NULL ,  add COLUMN `payment_day` int(11)  NULL ,  add COLUMN `transaction_amount` double  NULL ,  add COLUMN `real_transaction_amount` double  NULL ,  add COLUMN `note` text  NULL ,  add COLUMN `sale_stage` varchar(255)  NULL ,  add COLUMN `lead_status` varchar(255)  NULL ,  add COLUMN `day_ro_modified_sale_stage` date  NULL: MySQL error 1060: Duplicate column name 'day_has_phone_number'
Sat Mar 25 04:09:47 2023 [10182][1][FATAL] Exception handling in /home/www/html/cas.tranthu.vn/include/MVC/Controller/SugarController.php:397
Sat Mar 25 04:09:47 2023 [10182][1][FATAL] Exception in Controller: Database failure. Please refer to suitecrm.log for details.
Sat Mar 25 04:15:06 2023 [26920][1][FATAL] IP Address mismatch: SESSION IP: 171.253.132.25 CLIENT IP: 171.253.128.30
Sat Mar 25 04:15:37 2023 [11290][1][FATAL] IP Address mismatch: SESSION IP: 171.253.132.25 CLIENT IP: 171.253.128.30
Sat Mar 25 21:02:12 2023 [10324][1][FATAL] 
Sat Mar 25 14:04:19 2023 [26915][1][FATAL] IP Address mismatch: SESSION IP: 1.52.109.185 CLIENT IP: 171.253.128.43
Sat Mar 25 14:04:41 2023 [10273][1][FATAL] IP Address mismatch: SESSION IP: 1.52.109.185 CLIENT IP: 171.253.128.43
Sat Mar 25 21:34:31 2023 [10324][1][FATAL] 
Sat Mar 25 21:34:56 2023 [26921][1][FATAL] ADMIN
Sat Mar 25 14:34:57 2023 [11290][1][FATAL] CALL AJAX: 
Sat Mar 25 14:34:57 2023 [11290][1][FATAL] WHERE: 
Sat Mar 25 14:34:57 2023 [11290][1][FATAL] 
Sat Mar 25 14:34:57 2023 [11290][1][FATAL] WHERE1: 
Sat Mar 25 14:34:57 2023 [11290][1][FATAL] 
Sat Mar 25 14:35:18 2023 [11279][1][FATAL] CALL AJAX: 
Sat Mar 25 14:35:18 2023 [11279][1][FATAL] WHERE: 
Sat Mar 25 14:35:18 2023 [11279][1][FATAL] 
Sat Mar 25 14:35:18 2023 [11279][1][FATAL] WHERE1: 
Sat Mar 25 14:35:18 2023 [11279][1][FATAL] 
Sat Mar 25 14:35:44 2023 [10273][1][FATAL] CALL AJAX: 
Sat Mar 25 14:35:44 2023 [10273][1][FATAL] WHERE: 
Sat Mar 25 14:35:44 2023 [10273][1][FATAL] 
Sat Mar 25 14:35:44 2023 [10273][1][FATAL] WHERE1: 
Sat Mar 25 14:35:44 2023 [10273][1][FATAL] 
Sat Mar 25 14:40:30 2023 [26915][1][FATAL] CALL AJAX: 
Sat Mar 25 14:40:30 2023 [26915][1][FATAL] WHERE: 
Sat Mar 25 14:40:30 2023 [26915][1][FATAL] 
Sat Mar 25 14:40:30 2023 [26915][1][FATAL] WHERE1: 
Sat Mar 25 14:40:30 2023 [26915][1][FATAL] 
Sat Mar 25 14:42:04 2023 [26921][1][FATAL] CALL AJAX: 
Sat Mar 25 14:42:04 2023 [26921][1][FATAL] WHERE: 
Sat Mar 25 14:42:04 2023 [26921][1][FATAL] 
Sat Mar 25 14:42:04 2023 [26921][1][FATAL] WHERE1: 
Sat Mar 25 14:42:04 2023 [26921][1][FATAL] 
Sat Mar 25 14:48:38 2023 [11306][1][FATAL] User update error: Temp User is not retrieved at ID 3ab483df-f14a-f4fb-5a13-641f093bfa77, boolean given
Sat Mar 25 14:48:38 2023 [11306][1][FATAL] Email address save error
Sat Mar 25 14:48:55 2023 [26917][1][FATAL] Email address save error
Sat Mar 25 14:49:14 2023 [11419][1][FATAL] User update error: Temp User is not retrieved at ID 8c5dd2a7-da95-cef7-8f21-641f09cb24a5, boolean given
Sat Mar 25 14:49:14 2023 [11419][1][FATAL] Email address save error
Sat Mar 25 14:49:21 2023 [10182][1][FATAL] Email address save error
Sat Mar 25 14:49:37 2023 [15291][1][FATAL] User update error: Temp User is not retrieved at ID e1ef86b3-a1ac-d01b-9235-641f0adf1546, boolean given
Sat Mar 25 14:49:38 2023 [15291][1][FATAL] Email address save error
Sat Mar 25 14:49:46 2023 [26921][1][FATAL] Email address save error
Sat Mar 25 14:50:04 2023 [11249][1][FATAL] User update error: Temp User is not retrieved at ID 10415bd8-b0c1-dd85-2489-641f0a02689a, boolean given
Sat Mar 25 14:50:04 2023 [11249][1][FATAL] Email address save error
Sat Mar 25 14:50:14 2023 [11306][1][FATAL] Email address save error
Sat Mar 25 21:50:27 2023 [11260][8c5dd2a7-da95-cef7-8f21-641f09cb24a5][FATAL] ADMIN
Sat Mar 25 14:50:40 2023 [26921][8c5dd2a7-da95-cef7-8f21-641f09cb24a5][FATAL] CALL AJAX: 
Sat Mar 25 14:50:40 2023 [26921][8c5dd2a7-da95-cef7-8f21-641f09cb24a5][FATAL] WHERE: 
Sat Mar 25 14:50:40 2023 [26921][8c5dd2a7-da95-cef7-8f21-641f09cb24a5][FATAL] 
Sat Mar 25 14:50:40 2023 [26921][8c5dd2a7-da95-cef7-8f21-641f09cb24a5][FATAL] WHERE1: 
Sat Mar 25 14:50:40 2023 [26921][8c5dd2a7-da95-cef7-8f21-641f09cb24a5][FATAL]  (leads.created_by = '8c5dd2a7-da95-cef7-8f21-641f09cb24a5' OR leads.modified_user_id = '8c5dd2a7-da95-cef7-8f21-641f09cb24a5') AND leads.data_sources != '9' AND leads.data_sources != '10'
Sat Mar 25 14:50:44 2023 [11390][-none-][FATAL] hello
Sat Mar 25 14:50:44 2023 [11390][-none-][FATAL] Error: Query limit of 1000 reached for Leads module.
Sat Mar 25 14:50:44 2023 [11249][-none-][FATAL] Error: Query limit of 1000 reached for Leads module.
Sat Mar 25 15:00:54 2023 [10157][8c5dd2a7-da95-cef7-8f21-641f09cb24a5][FATAL] CALL AJAX: 
Sat Mar 25 15:00:54 2023 [10157][8c5dd2a7-da95-cef7-8f21-641f09cb24a5][FATAL] WHERE: 
Sat Mar 25 15:00:54 2023 [10157][8c5dd2a7-da95-cef7-8f21-641f09cb24a5][FATAL] 
Sat Mar 25 15:00:54 2023 [10157][8c5dd2a7-da95-cef7-8f21-641f09cb24a5][FATAL] WHERE1: 
Sat Mar 25 15:00:54 2023 [10157][8c5dd2a7-da95-cef7-8f21-641f09cb24a5][FATAL] ( (leads.created_by = '8c5dd2a7-da95-cef7-8f21-641f09cb24a5' OR leads.modified_user_id = '8c5dd2a7-da95-cef7-8f21-641f09cb24a5') AND leads.data_sources != '9' AND leads.data_sources != '10')
Sun Mar 26 09:47:13 2023 [10250][1][FATAL] MKT
Sun Mar 26 02:48:10 2023 [10233][1][FATAL] Email address save error
Sun Mar 26 02:50:26 2023 [10324][1][FATAL] Email address save error
Sun Mar 26 09:50:45 2023 [26917][1][FATAL] ADMIN
Wed Mar 29 10:14:11 2023 [11406][-none-][FATAL] SECURITY: User authentication for admin failed
Wed Mar 29 10:14:11 2023 [11406][-none-][FATAL] FAILED LOGIN:attempts[1], ip[42.112.244.184], username[admin]
Thu May 11 10:27:51 2023 [4960][-none-][FATAL] SECURITY: User authentication for admin failed
Thu May 11 10:27:51 2023 [4960][-none-][FATAL] FAILED LOGIN:attempts[1], ip[14.169.117.14], username[admin]
Thu May 11 10:27:53 2023 [4971][-none-][FATAL] SECURITY: User authentication for admin failed
Thu May 11 10:27:53 2023 [4971][-none-][FATAL] FAILED LOGIN:attempts[2], ip[14.169.117.14], username[admin]
Thu May 11 10:28:03 2023 [4975][-none-][FATAL] SECURITY: User authentication for admin failed
Thu May 11 10:28:03 2023 [4975][-none-][FATAL] FAILED LOGIN:attempts[1], ip[14.169.117.14], username[admin]
Thu May 11 10:28:07 2023 [764][-none-][FATAL] SECURITY: User authentication for admin failed
Thu May 11 10:28:07 2023 [764][-none-][FATAL] FAILED LOGIN:attempts[1], ip[14.169.117.14], username[admin]
Thu May 11 17:28:17 2023 [9541][8c5dd2a7-da95-cef7-8f21-641f09cb24a5][FATAL] 
Thu May 11 10:28:25 2023 [4992][8c5dd2a7-da95-cef7-8f21-641f09cb24a5][FATAL] CALL AJAX: 
Thu May 11 10:28:25 2023 [4992][8c5dd2a7-da95-cef7-8f21-641f09cb24a5][FATAL] WHERE: 
Thu May 11 10:28:25 2023 [4992][8c5dd2a7-da95-cef7-8f21-641f09cb24a5][FATAL] 
Thu May 11 10:28:26 2023 [4992][8c5dd2a7-da95-cef7-8f21-641f09cb24a5][FATAL] WHERE1: 
Thu May 11 10:28:26 2023 [4992][8c5dd2a7-da95-cef7-8f21-641f09cb24a5][FATAL] ( (leads.created_by = '8c5dd2a7-da95-cef7-8f21-641f09cb24a5' OR leads.modified_user_id = '8c5dd2a7-da95-cef7-8f21-641f09cb24a5') AND leads.data_sources != '9' AND leads.data_sources != '10')
